<?xml version="1.0" encoding="UTF-8"?>
<!-- Generated by org.testng.reporters.JUnitXMLReporter -->
<testsuite hostname="sudheer-VirtualBox" ignored="0" name="Default test" tests="12" failures="0" timestamp="29 Mar 2019 06:59:23 GMT" time="5.236" errors="0">
  <testcase name="@BeforeClass initialization" time="3.528" classname="com.POF_AddressBook.Driver">
    <failure type="org.openqa.selenium.WebDriverException" message="unknown error: no chrome binary at /opt/google/chrome/google-chrome
  (Driver info: chromedriver=72.0.3626.69 (3c16f8a135abc0d4da2dff33804db79b849a7c38),platform=Linux 4.15.0-46-generic x86_64) (WARNING: The server did not provide any stacktrace information)
Command duration or timeout: 169 milliseconds
Build info: version: &amp;apos;3.14.0&amp;apos;, revision: &amp;apos;aacccce0&amp;apos;, time: &amp;apos;2018-08-02T20:19:58.91Z&amp;apos;
System info: host: &amp;apos;sudheer-VirtualBox&amp;apos;, ip: &amp;apos;127.0.1.1&amp;apos;, os.name: &amp;apos;Linux&amp;apos;, os.arch: &amp;apos;amd64&amp;apos;, os.version: &amp;apos;4.15.0-46-generic&amp;apos;, java.version: &amp;apos;1.8.0_191&amp;apos;
Driver info: driver.version: Driver">
      <![CDATA[org.openqa.selenium.WebDriverException: unknown error: no chrome binary at /opt/google/chrome/google-chrome
  (Driver info: chromedriver=72.0.3626.69 (3c16f8a135abc0d4da2dff33804db79b849a7c38),platform=Linux 4.15.0-46-generic x86_64) (WARNING: The server did not provide any stacktrace information)
Command duration or timeout: 169 milliseconds
Build info: version: '3.14.0', revision: 'aacccce0', time: '2018-08-02T20:19:58.91Z'
System info: host: 'sudheer-VirtualBox', ip: '127.0.1.1', os.name: 'Linux', os.arch: 'amd64', os.version: '4.15.0-46-generic', java.version: '1.8.0_191'
Driver info: driver.version: Driver
	at sun.reflect.NativeConstructorAccessorImpl.newInstance0(Native Method)
	at sun.reflect.NativeConstructorAccessorImpl.newInstance(NativeConstructorAccessorImpl.java:62)
	at sun.reflect.DelegatingConstructorAccessorImpl.newInstance(DelegatingConstructorAccessorImpl.java:45)
	at java.lang.reflect.Constructor.newInstance(Constructor.java:423)
	at org.openqa.selenium.remote.ErrorHandler.createThrowable(ErrorHandler.java:214)
	at org.openqa.selenium.remote.ErrorHandler.throwIfResponseFailed(ErrorHandler.java:166)
	at org.openqa.selenium.remote.JsonWireProtocolResponse.lambda$new$0(JsonWireProtocolResponse.java:53)
	at org.openqa.selenium.remote.JsonWireProtocolResponse.lambda$getResponseFunction$2(JsonWireProtocolResponse.java:91)
	at org.openqa.selenium.remote.ProtocolHandshake.lambda$createSession$0(ProtocolHandshake.java:122)
	at java.util.stream.ReferencePipeline$3$1.accept(ReferencePipeline.java:193)
	at java.util.Spliterators$ArraySpliterator.tryAdvance(Spliterators.java:958)
	at java.util.stream.ReferencePipeline.forEachWithCancel(ReferencePipeline.java:126)
	at java.util.stream.AbstractPipeline.copyIntoWithCancel(AbstractPipeline.java:498)
	at java.util.stream.AbstractPipeline.copyInto(AbstractPipeline.java:485)
	at java.util.stream.AbstractPipeline.wrapAndCopyInto(AbstractPipeline.java:471)
	at java.util.stream.FindOps$FindOp.evaluateSequential(FindOps.java:152)
	at java.util.stream.AbstractPipeline.evaluate(AbstractPipeline.java:234)
	at java.util.stream.ReferencePipeline.findFirst(ReferencePipeline.java:464)
	at org.openqa.selenium.remote.ProtocolHandshake.createSession(ProtocolHandshake.java:125)
	at org.openqa.selenium.remote.ProtocolHandshake.createSession(ProtocolHandshake.java:73)
	at org.openqa.selenium.remote.HttpCommandExecutor.execute(HttpCommandExecutor.java:136)
	at org.openqa.selenium.remote.service.DriverCommandExecutor.execute(DriverCommandExecutor.java:83)
	at org.openqa.selenium.remote.RemoteWebDriver.execute(RemoteWebDriver.java:548)
	at org.openqa.selenium.remote.RemoteWebDriver.startSession(RemoteWebDriver.java:212)
	at org.openqa.selenium.remote.RemoteWebDriver.<init>(RemoteWebDriver.java:130)
	at org.openqa.selenium.chrome.ChromeDriver.<init>(ChromeDriver.java:181)
	at org.openqa.selenium.chrome.ChromeDriver.<init>(ChromeDriver.java:168)
	at org.openqa.selenium.chrome.ChromeDriver.<init>(ChromeDriver.java:157)
	at com.POF_AddressBook.Driver.initialization(Driver.java:47)
	at sun.reflect.NativeMethodAccessorImpl.invoke0(Native Method)
	at sun.reflect.NativeMethodAccessorImpl.invoke(NativeMethodAccessorImpl.java:62)
	at sun.reflect.DelegatingMethodAccessorImpl.invoke(DelegatingMethodAccessorImpl.java:43)
	at java.lang.reflect.Method.invoke(Method.java:498)
	at org.testng.internal.MethodInvocationHelper.invokeMethod(MethodInvocationHelper.java:108)
	at org.testng.internal.Invoker.invokeConfigurationMethod(Invoker.java:523)
	at org.testng.internal.Invoker.invokeConfigurations(Invoker.java:224)
	at org.testng.internal.Invoker.invokeConfigurations(Invoker.java:146)
	at org.testng.internal.TestMethodWorker.invokeBeforeClassMethods(TestMethodWorker.java:166)
	at org.testng.internal.TestMethodWorker.run(TestMethodWorker.java:105)
	at org.testng.TestRunner.privateRun(TestRunner.java:744)
	at org.testng.TestRunner.run(TestRunner.java:602)
	at org.testng.SuiteRunner.runTest(SuiteRunner.java:380)
	at org.testng.SuiteRunner.runSequentially(SuiteRunner.java:375)
	at org.testng.SuiteRunner.privateRun(SuiteRunner.java:340)
	at org.testng.SuiteRunner.run(SuiteRunner.java:289)
	at org.testng.SuiteRunnerWorker.runSuite(SuiteRunnerWorker.java:52)
	at org.testng.SuiteRunnerWorker.run(SuiteRunnerWorker.java:86)
	at org.testng.TestNG.runSuitesSequentially(TestNG.java:1301)
	at org.testng.TestNG.runSuitesLocally(TestNG.java:1226)
	at org.testng.TestNG.runSuites(TestNG.java:1144)
	at org.testng.TestNG.run(TestNG.java:1115)
	at org.testng.remote.AbstractRemoteTestNG.run(AbstractRemoteTestNG.java:132)
	at org.testng.remote.RemoteTestNG.initAndRun(RemoteTestNG.java:236)
	at org.testng.remote.RemoteTestNG.main(RemoteTestNG.java:81)
]]>
    </failure>
  </testcase> <!-- @BeforeClass initialization -->
  <testcase name="@AfterClass closeBrowser" time="0.0" classname="com.POF_AddressBook.Driver">
    <skipped/>
  </testcase> <!-- @AfterClass closeBrowser -->
  <testcase name="@BeforeClass initialization" time="0.0" classname="com.POF_AddressBook.Driver">
    <skipped/>
  </testcase> <!-- @BeforeClass initialization -->
  <testcase name="@AfterClass closeBrowser" time="0.0" classname="com.POF_AddressBook.Driver">
    <skipped/>
  </testcase> <!-- @AfterClass closeBrowser -->
  <testcase name="@BeforeClass initialization" time="0.0" classname="com.POF_AddressBook.Driver">
    <skipped/>
  </testcase> <!-- @BeforeClass initialization -->
  <testcase name="@AfterClass closeBrowser" time="0.0" classname="com.POF_AddressBook.Driver">
    <skipped/>
  </testcase> <!-- @AfterClass closeBrowser -->
  <testcase name="@BeforeClass initialization" time="0.0" classname="com.POF_AddressBook.Driver">
    <skipped/>
  </testcase> <!-- @BeforeClass initialization -->
  <testcase name="@AfterClass closeBrowser" time="0.0" classname="com.POF_AddressBook.Driver">
    <skipped/>
  </testcase> <!-- @AfterClass closeBrowser -->
  <testcase name="sortcontactbyemail" time="0.0" classname="com.POF_AddressBook_Scripts.SortContactTest">
    <skipped/>
  </testcase> <!-- sortcontactbyemail -->
  <testcase name="sortcontactbyfname" time="0.0" classname="com.POF_AddressBook_Scripts.SortContactTest">
    <skipped/>
  </testcase> <!-- sortcontactbyfname -->
  <testcase name="sortcontactbylastname" time="0.0" classname="com.POF_AddressBook_Scripts.SortContactTest">
    <skipped/>
  </testcase> <!-- sortcontactbylastname -->
  <testcase name="editcontact" time="0.0" classname="com.POF_AddressBook_Scripts.EditConactTest">
    <skipped/>
  </testcase> <!-- editcontact -->
  <testcase name="Addcontactdobformat" time="0.0" classname="com.POF_AddressBook_Scripts.AddContactTest">
    <skipped/>
  </testcase> <!-- Addcontactdobformat -->
  <testcase name="Addcontacttest1" time="0.0" classname="com.POF_AddressBook_Scripts.AddContactTest">
    <skipped/>
  </testcase> <!-- Addcontacttest1 -->
  <testcase name="Addcontacttest2" time="0.0" classname="com.POF_AddressBook_Scripts.AddContactTest">
    <skipped/>
  </testcase> <!-- Addcontacttest2 -->
  <testcase name="Addcontacttest3" time="0.0" classname="com.POF_AddressBook_Scripts.AddContactTest">
    <skipped/>
  </testcase> <!-- Addcontacttest3 -->
  <testcase name="Addcontacttestemailformat" time="0.0" classname="com.POF_AddressBook_Scripts.AddContactTest">
    <skipped/>
  </testcase> <!-- Addcontacttestemailformat -->
  <testcase name="Addcontacttestempty" time="0.0" classname="com.POF_AddressBook_Scripts.AddContactTest">
    <skipped/>
  </testcase> <!-- Addcontacttestempty -->
  <testcase name="CancelAddcontact" time="0.0" classname="com.POF_AddressBook_Scripts.AddContactTest">
    <skipped/>
  </testcase> <!-- CancelAddcontact -->
  <testcase name="searchcontact" time="0.0" classname="com.POF_AddressBook_Scripts.SearchContactTest">
    <skipped/>
  </testcase> <!-- searchcontact -->
</testsuite> <!-- Default test -->
